<?xml version="1.0" encoding="UTF-8"?>
<testsuite xmlns:xsi="http://www.w3.org/2001/XMLSchema-instance" xsi:noNamespaceSchemaLocation="https://maven.apache.org/surefire/maven-surefire-plugin/xsd/surefire-test-report.xsd" name="TextParserTest" time="0.034" tests="6" errors="0" skipped="0" failures="0">
  <properties>
[...]
</properties>
  <testcase name="parsePipeFile" classname="TextParserTest" time="0.017"/>
  <testcase name="parseFailsWhenArgsAreBlank" classname="TextParserTest" time="0.001"/>
  <testcase name="parseSpacesFile" classname="TextParserTest" time="0.001"/>
  <testcase name="parseFailsWithNoArgs" classname="TextParserTest" time="0.001"/>
  <testcase name="parseFailsWithMultipleArgs" classname="TextParserTest" time="0.003"/>
  <testcase name="parseTabFile" classname="TextParserTest" time="0.002"/>
</testsuite>